c:\users\peter king desktop\documents\spring 2017\finalproject\cst320_final_project\debug\vc140.pdb
c:\users\peter king desktop\documents\spring 2017\finalproject\cst320_final_project\debug\vc140.idb
c:\users\peter king desktop\documents\spring 2017\finalproject\cst320_final_project\debug\sound.obj
c:\users\peter king desktop\documents\spring 2017\finalproject\cst320_final_project\debug\render_to_texture.obj
c:\users\peter king desktop\documents\spring 2017\finalproject\cst320_final_project\debug\load3ds.obj
c:\users\peter king desktop\documents\spring 2017\finalproject\cst320_final_project\debug\homework 4.obj
c:\users\peter king desktop\documents\spring 2017\finalproject\cst320_final_project\debug\fps.obj
c:\users\peter king desktop\documents\spring 2017\finalproject\cst320_final_project\debug\font.obj
c:\users\peter king desktop\documents\spring 2017\finalproject\cst320_final_project\debug\homework 4.ilk
c:\users\peter king desktop\documents\spring 2017\finalproject\cst320_final_project\debug\homework 4.exe
c:\users\peter king desktop\documents\spring 2017\finalproject\cst320_final_project\debug\homework 4.pdb
c:\users\peter king desktop\documents\spring 2017\finalproject\cst320_final_project\debug\homework 8.res
c:\users\peter king desktop\documents\spring 2017\finalproject\cst320_final_project\debug\homework 4.tlog\cl.command.1.tlog
c:\users\peter king desktop\documents\spring 2017\finalproject\cst320_final_project\debug\homework 4.tlog\cl.read.1.tlog
c:\users\peter king desktop\documents\spring 2017\finalproject\cst320_final_project\debug\homework 4.tlog\cl.write.1.tlog
c:\users\peter king desktop\documents\spring 2017\finalproject\cst320_final_project\debug\homework 4.tlog\link.command.1.tlog
c:\users\peter king desktop\documents\spring 2017\finalproject\cst320_final_project\debug\homework 4.tlog\link.read.1.tlog
c:\users\peter king desktop\documents\spring 2017\finalproject\cst320_final_project\debug\homework 4.tlog\link.write.1.tlog
c:\users\peter king desktop\documents\spring 2017\finalproject\cst320_final_project\debug\homework 4.tlog\rc.command.1.tlog
c:\users\peter king desktop\documents\spring 2017\finalproject\cst320_final_project\debug\homework 4.tlog\rc.read.1.tlog
c:\users\peter king desktop\documents\spring 2017\finalproject\cst320_final_project\debug\homework 4.tlog\rc.write.1.tlog
