  homework 4.cpp
c:\program files (x86)\microsoft directx sdk (june 2010)\include\dxgitype.h(12): warning C4005: 'DXGI_STATUS_OCCLUDED': macro redefinition
  c:\program files (x86)\windows kits\8.1\include\shared\winerror.h(50092): note: see previous definition of 'DXGI_STATUS_OCCLUDED'
c:\program files (x86)\microsoft directx sdk (june 2010)\include\dxgitype.h(13): warning C4005: 'DXGI_STATUS_CLIPPED': macro redefinition
  c:\program files (x86)\windows kits\8.1\include\shared\winerror.h(50101): note: see previous definition of 'DXGI_STATUS_CLIPPED'
c:\program files (x86)\microsoft directx sdk (june 2010)\include\dxgitype.h(14): warning C4005: 'DXGI_STATUS_NO_REDIRECTION': macro redefinition
  c:\program files (x86)\windows kits\8.1\include\shared\winerror.h(50110): note: see previous definition of 'DXGI_STATUS_NO_REDIRECTION'
c:\program files (x86)\microsoft directx sdk (june 2010)\include\dxgitype.h(15): warning C4005: 'DXGI_STATUS_NO_DESKTOP_ACCESS': macro redefinition
  c:\program files (x86)\windows kits\8.1\include\shared\winerror.h(50119): note: see previous definition of 'DXGI_STATUS_NO_DESKTOP_ACCESS'
c:\program files (x86)\microsoft directx sdk (june 2010)\include\dxgitype.h(16): warning C4005: 'DXGI_STATUS_GRAPHICS_VIDPN_SOURCE_IN_USE': macro redefinition
  c:\program files (x86)\windows kits\8.1\include\shared\winerror.h(50128): note: see previous definition of 'DXGI_STATUS_GRAPHICS_VIDPN_SOURCE_IN_USE'
c:\program files (x86)\microsoft directx sdk (june 2010)\include\dxgitype.h(17): warning C4005: 'DXGI_STATUS_MODE_CHANGED': macro redefinition
  c:\program files (x86)\windows kits\8.1\include\shared\winerror.h(50137): note: see previous definition of 'DXGI_STATUS_MODE_CHANGED'
c:\program files (x86)\microsoft directx sdk (june 2010)\include\dxgitype.h(18): warning C4005: 'DXGI_STATUS_MODE_CHANGE_IN_PROGRESS': macro redefinition
  c:\program files (x86)\windows kits\8.1\include\shared\winerror.h(50146): note: see previous definition of 'DXGI_STATUS_MODE_CHANGE_IN_PROGRESS'
c:\program files (x86)\microsoft directx sdk (june 2010)\include\dxgitype.h(21): warning C4005: 'DXGI_ERROR_INVALID_CALL': macro redefinition
  c:\program files (x86)\windows kits\8.1\include\shared\winerror.h(50161): note: see previous definition of 'DXGI_ERROR_INVALID_CALL'
c:\program files (x86)\microsoft directx sdk (june 2010)\include\dxgitype.h(22): warning C4005: 'DXGI_ERROR_NOT_FOUND': macro redefinition
  c:\program files (x86)\windows kits\8.1\include\shared\winerror.h(50170): note: see previous definition of 'DXGI_ERROR_NOT_FOUND'
c:\program files (x86)\microsoft directx sdk (june 2010)\include\dxgitype.h(23): warning C4005: 'DXGI_ERROR_MORE_DATA': macro redefinition
  c:\program files (x86)\windows kits\8.1\include\shared\winerror.h(50179): note: see previous definition of 'DXGI_ERROR_MORE_DATA'
c:\program files (x86)\microsoft directx sdk (june 2010)\include\dxgitype.h(24): warning C4005: 'DXGI_ERROR_UNSUPPORTED': macro redefinition
  c:\program files (x86)\windows kits\8.1\include\shared\winerror.h(50188): note: see previous definition of 'DXGI_ERROR_UNSUPPORTED'
c:\program files (x86)\microsoft directx sdk (june 2010)\include\dxgitype.h(25): warning C4005: 'DXGI_ERROR_DEVICE_REMOVED': macro redefinition
  c:\program files (x86)\windows kits\8.1\include\shared\winerror.h(50197): note: see previous definition of 'DXGI_ERROR_DEVICE_REMOVED'
c:\program files (x86)\microsoft directx sdk (june 2010)\include\dxgitype.h(26): warning C4005: 'DXGI_ERROR_DEVICE_HUNG': macro redefinition
  c:\program files (x86)\windows kits\8.1\include\shared\winerror.h(50206): note: see previous definition of 'DXGI_ERROR_DEVICE_HUNG'
c:\program files (x86)\microsoft directx sdk (june 2010)\include\dxgitype.h(27): warning C4005: 'DXGI_ERROR_DEVICE_RESET': macro redefinition
  c:\program files (x86)\windows kits\8.1\include\shared\winerror.h(50216): note: see previous definition of 'DXGI_ERROR_DEVICE_RESET'
c:\program files (x86)\microsoft directx sdk (june 2010)\include\dxgitype.h(28): warning C4005: 'DXGI_ERROR_WAS_STILL_DRAWING': macro redefinition
  c:\program files (x86)\windows kits\8.1\include\shared\winerror.h(50225): note: see previous definition of 'DXGI_ERROR_WAS_STILL_DRAWING'
c:\program files (x86)\microsoft directx sdk (june 2010)\include\dxgitype.h(29): warning C4005: 'DXGI_ERROR_FRAME_STATISTICS_DISJOINT': macro redefinition
  c:\program files (x86)\windows kits\8.1\include\shared\winerror.h(50235): note: see previous definition of 'DXGI_ERROR_FRAME_STATISTICS_DISJOINT'
c:\program files (x86)\microsoft directx sdk (june 2010)\include\dxgitype.h(30): warning C4005: 'DXGI_ERROR_GRAPHICS_VIDPN_SOURCE_IN_USE': macro redefinition
  c:\program files (x86)\windows kits\8.1\include\shared\winerror.h(50244): note: see previous definition of 'DXGI_ERROR_GRAPHICS_VIDPN_SOURCE_IN_USE'
c:\program files (x86)\microsoft directx sdk (june 2010)\include\dxgitype.h(31): warning C4005: 'DXGI_ERROR_DRIVER_INTERNAL_ERROR': macro redefinition
  c:\program files (x86)\windows kits\8.1\include\shared\winerror.h(50254): note: see previous definition of 'DXGI_ERROR_DRIVER_INTERNAL_ERROR'
c:\program files (x86)\microsoft directx sdk (june 2010)\include\dxgitype.h(32): warning C4005: 'DXGI_ERROR_NONEXCLUSIVE': macro redefinition
  c:\program files (x86)\windows kits\8.1\include\shared\winerror.h(50263): note: see previous definition of 'DXGI_ERROR_NONEXCLUSIVE'
c:\program files (x86)\microsoft directx sdk (june 2010)\include\dxgitype.h(33): warning C4005: 'DXGI_ERROR_NOT_CURRENTLY_AVAILABLE': macro redefinition
  c:\program files (x86)\windows kits\8.1\include\shared\winerror.h(50272): note: see previous definition of 'DXGI_ERROR_NOT_CURRENTLY_AVAILABLE'
c:\program files (x86)\microsoft directx sdk (june 2010)\include\dxgitype.h(34): warning C4005: 'DXGI_ERROR_REMOTE_CLIENT_DISCONNECTED': macro redefinition
  c:\program files (x86)\windows kits\8.1\include\shared\winerror.h(50282): note: see previous definition of 'DXGI_ERROR_REMOTE_CLIENT_DISCONNECTED'
c:\program files (x86)\microsoft directx sdk (june 2010)\include\dxgitype.h(35): warning C4005: 'DXGI_ERROR_REMOTE_OUTOFMEMORY': macro redefinition
  c:\program files (x86)\windows kits\8.1\include\shared\winerror.h(50291): note: see previous definition of 'DXGI_ERROR_REMOTE_OUTOFMEMORY'
c:\program files (x86)\microsoft directx sdk (june 2010)\include\d3d11.h(917): warning C4005: 'D3D11_ERROR_TOO_MANY_UNIQUE_STATE_OBJECTS': macro redefinition
  c:\program files (x86)\windows kits\8.1\include\shared\winerror.h(50469): note: see previous definition of 'D3D11_ERROR_TOO_MANY_UNIQUE_STATE_OBJECTS'
c:\program files (x86)\microsoft directx sdk (june 2010)\include\d3d11.h(918): warning C4005: 'D3D11_ERROR_FILE_NOT_FOUND': macro redefinition
  c:\program files (x86)\windows kits\8.1\include\shared\winerror.h(50478): note: see previous definition of 'D3D11_ERROR_FILE_NOT_FOUND'
c:\program files (x86)\microsoft directx sdk (june 2010)\include\d3d11.h(919): warning C4005: 'D3D11_ERROR_TOO_MANY_UNIQUE_VIEW_OBJECTS': macro redefinition
  c:\program files (x86)\windows kits\8.1\include\shared\winerror.h(50488): note: see previous definition of 'D3D11_ERROR_TOO_MANY_UNIQUE_VIEW_OBJECTS'
c:\program files (x86)\microsoft directx sdk (june 2010)\include\d3d11.h(920): warning C4005: 'D3D11_ERROR_DEFERRED_CONTEXT_MAP_WITHOUT_INITIAL_DISCARD': macro redefinition
  c:\program files (x86)\windows kits\8.1\include\shared\winerror.h(50497): note: see previous definition of 'D3D11_ERROR_DEFERRED_CONTEXT_MAP_WITHOUT_INITIAL_DISCARD'
c:\program files (x86)\microsoft directx sdk (june 2010)\include\d3d10.h(608): warning C4005: 'D3D10_ERROR_TOO_MANY_UNIQUE_STATE_OBJECTS': macro redefinition
  c:\program files (x86)\windows kits\8.1\include\shared\winerror.h(50445): note: see previous definition of 'D3D10_ERROR_TOO_MANY_UNIQUE_STATE_OBJECTS'
c:\program files (x86)\microsoft directx sdk (june 2010)\include\d3d10.h(609): warning C4005: 'D3D10_ERROR_FILE_NOT_FOUND': macro redefinition
  c:\program files (x86)\windows kits\8.1\include\shared\winerror.h(50454): note: see previous definition of 'D3D10_ERROR_FILE_NOT_FOUND'
c:\program files (x86)\microsoft directx sdk (june 2010)\include\xnamath.h(2662): warning C4838: conversion from 'unsigned int' to 'INT' requires a narrowing conversion
c:\program files (x86)\microsoft directx sdk (june 2010)\include\xnamath.h(2663): warning C4838: conversion from 'unsigned int' to 'INT' requires a narrowing conversion
c:\program files (x86)\microsoft directx sdk (june 2010)\include\xnamath.h(2664): warning C4838: conversion from 'unsigned int' to 'INT' requires a narrowing conversion
c:\program files (x86)\microsoft directx sdk (june 2010)\include\xnamath.h(2665): warning C4838: conversion from 'unsigned int' to 'INT' requires a narrowing conversion
c:\program files (x86)\microsoft directx sdk (june 2010)\include\xnamath.h(2666): warning C4838: conversion from 'unsigned int' to 'INT' requires a narrowing conversion
c:\program files (x86)\microsoft directx sdk (june 2010)\include\xnamath.h(2667): warning C4838: conversion from 'unsigned int' to 'INT' requires a narrowing conversion
c:\program files (x86)\microsoft directx sdk (june 2010)\include\xnamath.h(2668): warning C4838: conversion from 'unsigned int' to 'INT' requires a narrowing conversion
c:\program files (x86)\microsoft directx sdk (june 2010)\include\xnamath.h(2689): warning C4838: conversion from 'unsigned int' to 'INT' requires a narrowing conversion
c:\program files (x86)\microsoft directx sdk (june 2010)\include\xnamath.h(2690): warning C4838: conversion from 'unsigned int' to 'INT' requires a narrowing conversion
c:\program files (x86)\microsoft directx sdk (june 2010)\include\xnamath.h(2691): warning C4838: conversion from 'unsigned int' to 'INT' requires a narrowing conversion
c:\program files (x86)\microsoft directx sdk (june 2010)\include\xnamath.h(2694): warning C4838: conversion from 'unsigned int' to 'INT' requires a narrowing conversion
c:\program files (x86)\microsoft directx sdk (june 2010)\include\xnamath.h(2695): warning C4838: conversion from 'unsigned int' to 'INT' requires a narrowing conversion
c:\program files (x86)\microsoft directx sdk (june 2010)\include\xnamath.h(2698): warning C4838: conversion from 'unsigned int' to 'INT' requires a narrowing conversion
c:\program files (x86)\microsoft directx sdk (june 2010)\include\xnamath.h(2702): warning C4838: conversion from 'unsigned int' to 'INT' requires a narrowing conversion
c:\program files (x86)\microsoft directx sdk (june 2010)\include\xnamath.h(2712): warning C4838: conversion from 'unsigned int' to 'INT' requires a narrowing conversion
c:\program files (x86)\microsoft directx sdk (june 2010)\include\xnamath.h(2713): warning C4838: conversion from 'unsigned int' to 'INT' requires a narrowing conversion
c:\program files (x86)\microsoft directx sdk (june 2010)\include\xnamath.h(2715): warning C4838: conversion from 'unsigned int' to 'INT' requires a narrowing conversion
c:\program files (x86)\microsoft directx sdk (june 2010)\include\xnamath.h(2716): warning C4838: conversion from 'unsigned int' to 'INT' requires a narrowing conversion
c:\program files (x86)\microsoft directx sdk (june 2010)\include\xnamath.h(2717): warning C4838: conversion from 'unsigned int' to 'INT' requires a narrowing conversion
c:\program files (x86)\microsoft directx sdk (june 2010)\include\xnamath.h(2727): warning C4838: conversion from 'unsigned int' to 'INT' requires a narrowing conversion
c:\program files (x86)\microsoft directx sdk (june 2010)\include\xnamath.h(2728): warning C4838: conversion from 'unsigned int' to 'INT' requires a narrowing conversion
c:\program files (x86)\microsoft directx sdk (june 2010)\include\xnamath.h(2729): warning C4838: conversion from 'unsigned int' to 'INT' requires a narrowing conversion
c:\program files (x86)\microsoft directx sdk (june 2010)\include\xnamath.h(2730): warning C4838: conversion from 'unsigned int' to 'INT' requires a narrowing conversion
c:\program files (x86)\microsoft directx sdk (june 2010)\include\xnamath.h(2731): warning C4838: conversion from 'unsigned int' to 'INT' requires a narrowing conversion
c:\program files (x86)\microsoft directx sdk (june 2010)\include\xnamath.h(2732): warning C4838: conversion from 'unsigned int' to 'INT' requires a narrowing conversion
c:\program files (x86)\microsoft directx sdk (june 2010)\include\xnamath.h(2742): warning C4838: conversion from 'unsigned int' to 'INT' requires a narrowing conversion
c:\program files (x86)\microsoft directx sdk (june 2010)\include\xnamath.h(2743): warning C4838: conversion from 'unsigned int' to 'INT' requires a narrowing conversion
c:\program files (x86)\microsoft directx sdk (june 2010)\include\xnamath.h(2754): warning C4838: conversion from 'unsigned int' to 'INT' requires a narrowing conversion
c:\program files (x86)\microsoft directx sdk (june 2010)\include\xnamathconvert.inl(2254): warning C4838: conversion from 'unsigned int' to 'INT' requires a narrowing conversion
c:\program files (x86)\microsoft directx sdk (june 2010)\include\xnamathconvert.inl(4523): warning C4838: conversion from 'unsigned int' to 'INT' requires a narrowing conversion
c:\program files (x86)\microsoft directx sdk (june 2010)\include\xnamathconvert.inl(4577): warning C4838: conversion from 'unsigned int' to 'INT' requires a narrowing conversion
c:\program files (x86)\microsoft directx sdk (june 2010)\include\xnamathconvert.inl(4639): warning C4838: conversion from 'unsigned int' to 'INT' requires a narrowing conversion
c:\program files (x86)\microsoft directx sdk (june 2010)\include\xnamathconvert.inl(4707): warning C4838: conversion from 'unsigned int' to 'INT' requires a narrowing conversion
c:\program files (x86)\microsoft directx sdk (june 2010)\include\xnamathconvert.inl(4770): warning C4838: conversion from 'unsigned int' to 'INT' requires a narrowing conversion
c:\program files (x86)\microsoft directx sdk (june 2010)\include\xnamathconvert.inl(4832): warning C4838: conversion from 'unsigned int' to 'INT' requires a narrowing conversion
c:\program files (x86)\microsoft directx sdk (june 2010)\include\xnamathvector.inl(1269): warning C4838: conversion from 'unsigned int' to 'INT' requires a narrowing conversion
c:\program files (x86)\microsoft directx sdk (june 2010)\include\xnamathmisc.inl(518): warning C4838: conversion from 'unsigned int' to 'INT' requires a narrowing conversion
c:\program files (x86)\microsoft directx sdk (june 2010)\include\xnamathmisc.inl(519): warning C4838: conversion from 'unsigned int' to 'INT' requires a narrowing conversion
c:\users\peter king desktop\documents\spring 2017\finalproject\cst320_final_project\sound.h(96): warning C4244: '=': conversion from 'double' to 'float', possible loss of data
c:\users\peter king desktop\documents\spring 2017\finalproject\cst320_final_project\sound.h(101): warning C4244: 'argument': conversion from 'float' to 'int', possible loss of data
c:\users\peter king desktop\documents\spring 2017\finalproject\cst320_final_project\sound.h(114): warning C4244: 'argument': conversion from 'float' to 'int', possible loss of data
c:\users\peter king desktop\documents\spring 2017\finalproject\cst320_final_project\sound.h(150): warning C4996: 'wcscpy': This function or variable may be unsafe. Consider using wcscpy_s instead. To disable deprecation, use _CRT_SECURE_NO_WARNINGS. See online help for details.
  c:\program files (x86)\windows kits\10\include\10.0.10240.0\ucrt\corecrt_wstring.h(121): note: see declaration of 'wcscpy'
c:\users\peter king desktop\documents\spring 2017\finalproject\cst320_final_project\sound.h(168): warning C4996: 'wcscpy': This function or variable may be unsafe. Consider using wcscpy_s instead. To disable deprecation, use _CRT_SECURE_NO_WARNINGS. See online help for details.
  c:\program files (x86)\windows kits\10\include\10.0.10240.0\ucrt\corecrt_wstring.h(121): note: see declaration of 'wcscpy'
c:\users\peter king desktop\documents\spring 2017\finalproject\cst320_final_project\sound.h(197): warning C4018: '<': signed/unsigned mismatch
c:\users\peter king desktop\documents\spring 2017\finalproject\cst320_final_project\sound.h(206): warning C4018: '<': signed/unsigned mismatch
c:\users\peter king desktop\documents\spring 2017\finalproject\cst320_final_project\groundwork.h(98): warning C4100: 'ViewMatrix': unreferenced formal parameter
c:\users\peter king desktop\documents\spring 2017\finalproject\cst320_final_project\groundwork.h(241): warning C4244: 'argument': conversion from 'int' to 'FLOAT', possible loss of data
c:\users\peter king desktop\documents\spring 2017\finalproject\cst320_final_project\groundwork.h(243): warning C4244: 'argument': conversion from 'int' to 'FLOAT', possible loss of data
c:\users\peter king desktop\documents\spring 2017\finalproject\cst320_final_project\groundwork.h(245): warning C4244: 'argument': conversion from 'int' to 'FLOAT', possible loss of data
c:\users\peter king desktop\documents\spring 2017\finalproject\cst320_final_project\groundwork.h(247): warning C4244: 'argument': conversion from 'int' to 'FLOAT', possible loss of data
c:\users\peter king desktop\documents\spring 2017\finalproject\cst320_final_project\groundwork.h(252): warning C4244: 'argument': conversion from 'int' to 'FLOAT', possible loss of data
c:\users\peter king desktop\documents\spring 2017\finalproject\cst320_final_project\groundwork.h(257): warning C4244: 'argument': conversion from 'int' to 'FLOAT', possible loss of data
c:\users\peter king desktop\documents\spring 2017\finalproject\cst320_final_project\groundwork.h(290): warning C4018: '>=': signed/unsigned mismatch
c:\users\peter king desktop\documents\spring 2017\finalproject\cst320_final_project\groundwork.h(295): warning C4018: '>=': signed/unsigned mismatch
c:\users\peter king desktop\documents\spring 2017\finalproject\cst320_final_project\groundwork.h(315): warning C4018: '<': signed/unsigned mismatch
c:\users\peter king desktop\documents\spring 2017\finalproject\cst320_final_project\groundwork.h(319): warning C4018: '>=': signed/unsigned mismatch
c:\users\peter king desktop\documents\spring 2017\finalproject\cst320_final_project\groundwork.h(367): warning C4458: declaration of 'Ry' hides class member
  c:\users\peter king desktop\documents\spring 2017\finalproject\cst320_final_project\groundwork.h(347): note: see declaration of 'camera::Ry'
c:\users\peter king desktop\documents\spring 2017\finalproject\cst320_final_project\groundwork.h(367): warning C4458: declaration of 'Rx' hides class member
  c:\users\peter king desktop\documents\spring 2017\finalproject\cst320_final_project\groundwork.h(347): note: see declaration of 'camera::Rx'
c:\users\peter king desktop\documents\spring 2017\finalproject\cst320_final_project\groundwork.h(367): warning C4458: declaration of 'T' hides class member
  c:\users\peter king desktop\documents\spring 2017\finalproject\cst320_final_project\groundwork.h(347): note: see declaration of 'camera::T'
c:\users\peter king desktop\documents\spring 2017\finalproject\cst320_final_project\groundwork.h(380): warning C4244: 'initializing': conversion from 'double' to 'float', possible loss of data
c:\users\peter king desktop\documents\spring 2017\finalproject\cst320_final_project\groundwork.h(458): warning C4458: declaration of 'Rx' hides class member
  c:\users\peter king desktop\documents\spring 2017\finalproject\cst320_final_project\groundwork.h(347): note: see declaration of 'camera::Rx'
c:\users\peter king desktop\documents\spring 2017\finalproject\cst320_final_project\groundwork.h(458): warning C4458: declaration of 'Ry' hides class member
  c:\users\peter king desktop\documents\spring 2017\finalproject\cst320_final_project\groundwork.h(347): note: see declaration of 'camera::Ry'
c:\users\peter king desktop\documents\spring 2017\finalproject\cst320_final_project\groundwork.h(458): warning C4458: declaration of 'T' hides class member
  c:\users\peter king desktop\documents\spring 2017\finalproject\cst320_final_project\groundwork.h(347): note: see declaration of 'camera::T'
c:\users\peter king desktop\documents\spring 2017\finalproject\cst320_final_project\groundwork.h(488): warning C4244: '=': conversion from 'double' to 'FLOAT', possible loss of data
c:\users\peter king desktop\documents\spring 2017\finalproject\cst320_final_project\groundwork.h(489): warning C4244: '=': conversion from 'double' to 'FLOAT', possible loss of data
c:\users\peter king desktop\documents\spring 2017\finalproject\cst320_final_project\groundwork.h(490): warning C4244: '=': conversion from 'double' to 'FLOAT', possible loss of data
c:\users\peter king desktop\documents\spring 2017\finalproject\cst320_final_project\groundwork.h(526): warning C4244: '=': conversion from 'double' to 'FLOAT', possible loss of data
c:\users\peter king desktop\documents\spring 2017\finalproject\cst320_final_project\groundwork.h(527): warning C4244: '=': conversion from 'double' to 'FLOAT', possible loss of data
c:\users\peter king desktop\documents\spring 2017\finalproject\cst320_final_project\groundwork.h(528): warning C4244: '=': conversion from 'double' to 'FLOAT', possible loss of data
c:\users\peter king desktop\documents\spring 2017\finalproject\cst320_final_project\groundwork.h(567): warning C4244: '=': conversion from 'double' to 'FLOAT', possible loss of data
c:\users\peter king desktop\documents\spring 2017\finalproject\cst320_final_project\groundwork.h(568): warning C4244: '=': conversion from 'double' to 'FLOAT', possible loss of data
c:\users\peter king desktop\documents\spring 2017\finalproject\cst320_final_project\groundwork.h(569): warning C4244: '=': conversion from 'double' to 'FLOAT', possible loss of data
c:\users\peter king desktop\documents\spring 2017\finalproject\cst320_final_project\groundwork.h(594): warning C4244: 'initializing': conversion from 'double' to 'float', possible loss of data
c:\users\peter king desktop\documents\spring 2017\finalproject\cst320_final_project\groundwork.h(599): warning C4189: 'z': local variable is initialized but not referenced
c:\users\peter king desktop\documents\spring 2017\finalproject\cst320_final_project\groundwork.h(598): warning C4189: 'y': local variable is initialized but not referenced
c:\users\peter king desktop\documents\spring 2017\finalproject\cst320_final_project\groundwork.h(597): warning C4189: 'x': local variable is initialized but not referenced
c:\users\peter king desktop\documents\spring 2017\finalproject\cst320_final_project\explosion.h(60): warning C4244: '=': conversion from 'double' to 'FLOAT', possible loss of data
c:\users\peter king desktop\documents\spring 2017\finalproject\cst320_final_project\explosion.h(61): warning C4244: '=': conversion from 'double' to 'FLOAT', possible loss of data
c:\users\peter king desktop\documents\spring 2017\finalproject\cst320_final_project\explosion.h(62): warning C4244: '=': conversion from 'double' to 'FLOAT', possible loss of data
c:\users\peter king desktop\documents\spring 2017\finalproject\cst320_final_project\explosion.h(80): warning C4018: '>=': signed/unsigned mismatch
c:\users\peter king desktop\documents\spring 2017\finalproject\cst320_final_project\explosion.h(237): warning C4018: '>=': signed/unsigned mismatch
c:\users\peter king desktop\documents\spring 2017\finalproject\cst320_final_project\explosion.h(264): warning C4018: '<': signed/unsigned mismatch
c:\users\peter king desktop\documents\spring 2017\finalproject\cst320_final_project\explosion.h(267): warning C4018: '<': signed/unsigned mismatch
c:\users\peter king desktop\documents\spring 2017\finalproject\cst320_final_project\explosion.h(273): warning C4244: '=': conversion from 'int' to 'FLOAT', possible loss of data
c:\users\peter king desktop\documents\spring 2017\finalproject\cst320_final_project\explosion.h(274): warning C4244: '=': conversion from 'int' to 'FLOAT', possible loss of data
c:\users\peter king desktop\documents\spring 2017\finalproject\cst320_final_project\explosion.h(275): warning C4244: '=': conversion from 'int' to 'FLOAT', possible loss of data
c:\users\peter king desktop\documents\spring 2017\finalproject\cst320_final_project\explosion.h(276): warning C4244: '=': conversion from 'int' to 'FLOAT', possible loss of data
c:\users\peter king desktop\documents\spring 2017\finalproject\cst320_final_project\controller.h(106): warning C4244: '=': conversion from 'int' to 'WORD', possible loss of data
c:\users\peter king desktop\documents\spring 2017\finalproject\cst320_final_project\controller.h(107): warning C4244: '=': conversion from 'int' to 'WORD', possible loss of data
c:\users\peter king desktop\documents\spring 2017\finalproject\cst320_final_project\homework 4.cpp(228): warning C4244: 'argument': conversion from 'time_t' to 'unsigned int', possible loss of data
c:\users\peter king desktop\documents\spring 2017\finalproject\cst320_final_project\homework 4.cpp(556): warning C4244: '=': conversion from 'int' to 'float', possible loss of data
c:\users\peter king desktop\documents\spring 2017\finalproject\cst320_final_project\homework 4.cpp(557): warning C4244: '=': conversion from 'int' to 'float', possible loss of data
c:\users\peter king desktop\documents\spring 2017\finalproject\cst320_final_project\homework 4.cpp(558): warning C4244: '=': conversion from 'int' to 'float', possible loss of data
c:\users\peter king desktop\documents\spring 2017\finalproject\cst320_final_project\homework 4.cpp(559): warning C4244: '=': conversion from 'int' to 'float', possible loss of data
c:\users\peter king desktop\documents\spring 2017\finalproject\cst320_final_project\homework 4.cpp(562): warning C4244: '=': conversion from 'int' to 'float', possible loss of data
c:\users\peter king desktop\documents\spring 2017\finalproject\cst320_final_project\homework 4.cpp(563): warning C4244: '=': conversion from 'int' to 'float', possible loss of data
c:\users\peter king desktop\documents\spring 2017\finalproject\cst320_final_project\homework 4.cpp(564): warning C4244: '=': conversion from 'int' to 'float', possible loss of data
c:\users\peter king desktop\documents\spring 2017\finalproject\cst320_final_project\homework 4.cpp(571): warning C4244: '=': conversion from 'double' to 'float', possible loss of data
c:\users\peter king desktop\documents\spring 2017\finalproject\cst320_final_project\homework 4.cpp(572): warning C4244: '=': conversion from 'double' to 'float', possible loss of data
c:\users\peter king desktop\documents\spring 2017\finalproject\cst320_final_project\homework 4.cpp(573): warning C4244: '=': conversion from 'double' to 'float', possible loss of data
c:\users\peter king desktop\documents\spring 2017\finalproject\cst320_final_project\homework 4.cpp(574): warning C4244: '=': conversion from 'double' to 'float', possible loss of data
c:\users\peter king desktop\documents\spring 2017\finalproject\cst320_final_project\homework 4.cpp(580): warning C4244: '=': conversion from 'int' to 'float', possible loss of data
c:\users\peter king desktop\documents\spring 2017\finalproject\cst320_final_project\homework 4.cpp(581): warning C4244: '=': conversion from 'int' to 'float', possible loss of data
c:\users\peter king desktop\documents\spring 2017\finalproject\cst320_final_project\homework 4.cpp(582): warning C4244: '=': conversion from 'int' to 'float', possible loss of data
c:\users\peter king desktop\documents\spring 2017\finalproject\cst320_final_project\homework 4.cpp(586): warning C4244: '=': conversion from 'int' to 'float', possible loss of data
c:\users\peter king desktop\documents\spring 2017\finalproject\cst320_final_project\homework 4.cpp(587): warning C4244: '=': conversion from 'int' to 'float', possible loss of data
c:\users\peter king desktop\documents\spring 2017\finalproject\cst320_final_project\homework 4.cpp(588): warning C4244: '=': conversion from 'int' to 'float', possible loss of data
c:\users\peter king desktop\documents\spring 2017\finalproject\cst320_final_project\homework 4.cpp(599): warning C4244: '=': conversion from 'int' to 'float', possible loss of data
c:\users\peter king desktop\documents\spring 2017\finalproject\cst320_final_project\homework 4.cpp(600): warning C4244: '=': conversion from 'int' to 'float', possible loss of data
c:\users\peter king desktop\documents\spring 2017\finalproject\cst320_final_project\homework 4.cpp(601): warning C4244: '=': conversion from 'int' to 'float', possible loss of data
c:\users\peter king desktop\documents\spring 2017\finalproject\cst320_final_project\homework 4.cpp(611): warning C4244: '=': conversion from 'int' to 'float', possible loss of data
c:\users\peter king desktop\documents\spring 2017\finalproject\cst320_final_project\homework 4.cpp(612): warning C4244: '=': conversion from 'int' to 'float', possible loss of data
c:\users\peter king desktop\documents\spring 2017\finalproject\cst320_final_project\homework 4.cpp(613): warning C4244: '=': conversion from 'int' to 'float', possible loss of data
c:\users\peter king desktop\documents\spring 2017\finalproject\cst320_final_project\homework 4.cpp(598): warning C4101: 'w': unreferenced local variable
c:\users\peter king desktop\documents\spring 2017\finalproject\cst320_final_project\homework 4.cpp(959): warning C4100: 'keyFlags': unreferenced formal parameter
c:\users\peter king desktop\documents\spring 2017\finalproject\cst320_final_project\homework 4.cpp(959): warning C4100: 'y': unreferenced formal parameter
c:\users\peter king desktop\documents\spring 2017\finalproject\cst320_final_project\homework 4.cpp(959): warning C4100: 'x': unreferenced formal parameter
c:\users\peter king desktop\documents\spring 2017\finalproject\cst320_final_project\homework 4.cpp(959): warning C4100: 'fDoubleClick': unreferenced formal parameter
c:\users\peter king desktop\documents\spring 2017\finalproject\cst320_final_project\homework 4.cpp(959): warning C4100: 'hwnd': unreferenced formal parameter
c:\users\peter king desktop\documents\spring 2017\finalproject\cst320_final_project\homework 4.cpp(968): warning C4100: 'keyFlags': unreferenced formal parameter
c:\users\peter king desktop\documents\spring 2017\finalproject\cst320_final_project\homework 4.cpp(968): warning C4100: 'y': unreferenced formal parameter
c:\users\peter king desktop\documents\spring 2017\finalproject\cst320_final_project\homework 4.cpp(968): warning C4100: 'x': unreferenced formal parameter
c:\users\peter king desktop\documents\spring 2017\finalproject\cst320_final_project\homework 4.cpp(968): warning C4100: 'fDoubleClick': unreferenced formal parameter
c:\users\peter king desktop\documents\spring 2017\finalproject\cst320_final_project\homework 4.cpp(968): warning C4100: 'hwnd': unreferenced formal parameter
c:\users\peter king desktop\documents\spring 2017\finalproject\cst320_final_project\homework 4.cpp(975): warning C4100: 'cRepeat': unreferenced formal parameter
c:\users\peter king desktop\documents\spring 2017\finalproject\cst320_final_project\homework 4.cpp(975): warning C4100: 'ch': unreferenced formal parameter
c:\users\peter king desktop\documents\spring 2017\finalproject\cst320_final_project\homework 4.cpp(975): warning C4100: 'hwnd': unreferenced formal parameter
c:\users\peter king desktop\documents\spring 2017\finalproject\cst320_final_project\homework 4.cpp(992): warning C4244: '=': conversion from 'double' to 'FLOAT', possible loss of data
c:\users\peter king desktop\documents\spring 2017\finalproject\cst320_final_project\homework 4.cpp(982): warning C4100: 'keyFlags': unreferenced formal parameter
c:\users\peter king desktop\documents\spring 2017\finalproject\cst320_final_project\homework 4.cpp(982): warning C4100: 'y': unreferenced formal parameter
c:\users\peter king desktop\documents\spring 2017\finalproject\cst320_final_project\homework 4.cpp(982): warning C4100: 'x': unreferenced formal parameter
c:\users\peter king desktop\documents\spring 2017\finalproject\cst320_final_project\homework 4.cpp(982): warning C4100: 'hwnd': unreferenced formal parameter
c:\users\peter king desktop\documents\spring 2017\finalproject\cst320_final_project\homework 4.cpp(1020): warning C4100: 'keyFlags': unreferenced formal parameter
c:\users\peter king desktop\documents\spring 2017\finalproject\cst320_final_project\homework 4.cpp(1020): warning C4100: 'y': unreferenced formal parameter
c:\users\peter king desktop\documents\spring 2017\finalproject\cst320_final_project\homework 4.cpp(1020): warning C4100: 'x': unreferenced formal parameter
c:\users\peter king desktop\documents\spring 2017\finalproject\cst320_final_project\homework 4.cpp(1020): warning C4100: 'hwnd': unreferenced formal parameter
c:\users\peter king desktop\documents\spring 2017\finalproject\cst320_final_project\homework 4.cpp(1061): warning C4244: 'initializing': conversion from 'double' to 'float', possible loss of data
c:\users\peter king desktop\documents\spring 2017\finalproject\cst320_final_project\homework 4.cpp(1062): warning C4244: 'initializing': conversion from 'double' to 'float', possible loss of data
c:\users\peter king desktop\documents\spring 2017\finalproject\cst320_final_project\homework 4.cpp(1073): warning C4245: 'initializing': conversion from 'int' to 'unsigned int', signed/unsigned mismatch
c:\users\peter king desktop\documents\spring 2017\finalproject\cst320_final_project\homework 4.cpp(1074): warning C4100: 'lpCreateStruct': unreferenced formal parameter
c:\users\peter king desktop\documents\spring 2017\finalproject\cst320_final_project\homework 4.cpp(1119): warning C4244: 'initializing': conversion from 'double' to 'float', possible loss of data
c:\users\peter king desktop\documents\spring 2017\finalproject\cst320_final_project\homework 4.cpp(1125): warning C4244: 'initializing': conversion from 'double' to 'float', possible loss of data
c:\users\peter king desktop\documents\spring 2017\finalproject\cst320_final_project\homework 4.cpp(1097): warning C4100: 'id': unreferenced formal parameter
c:\users\peter king desktop\documents\spring 2017\finalproject\cst320_final_project\homework 4.cpp(1097): warning C4100: 'hwnd': unreferenced formal parameter
c:\users\peter king desktop\documents\spring 2017\finalproject\cst320_final_project\homework 4.cpp(1132): warning C4100: 'flags': unreferenced formal parameter
c:\users\peter king desktop\documents\spring 2017\finalproject\cst320_final_project\homework 4.cpp(1132): warning C4100: 'cRepeat': unreferenced formal parameter
c:\users\peter king desktop\documents\spring 2017\finalproject\cst320_final_project\homework 4.cpp(1132): warning C4100: 'fDown': unreferenced formal parameter
c:\users\peter king desktop\documents\spring 2017\finalproject\cst320_final_project\homework 4.cpp(1132): warning C4100: 'hwnd': unreferenced formal parameter
c:\users\peter king desktop\documents\spring 2017\finalproject\cst320_final_project\homework 4.cpp(1176): warning C4100: 'flags': unreferenced formal parameter
c:\users\peter king desktop\documents\spring 2017\finalproject\cst320_final_project\homework 4.cpp(1176): warning C4100: 'cRepeat': unreferenced formal parameter
c:\users\peter king desktop\documents\spring 2017\finalproject\cst320_final_project\homework 4.cpp(1176): warning C4100: 'fDown': unreferenced formal parameter
c:\users\peter king desktop\documents\spring 2017\finalproject\cst320_final_project\homework 4.cpp(1176): warning C4100: 'hwnd': unreferenced formal parameter
c:\users\peter king desktop\documents\spring 2017\finalproject\cst320_final_project\homework 4.cpp(1349): warning C4244: '+=': conversion from 'double' to 'float', possible loss of data
c:\users\peter king desktop\documents\spring 2017\finalproject\cst320_final_project\homework 4.cpp(1400): warning C4244: '+=': conversion from 'double' to 'float', possible loss of data
c:\users\peter king desktop\documents\spring 2017\finalproject\cst320_final_project\homework 4.cpp(1458): warning C4244: '+=': conversion from 'double' to 'float', possible loss of data
c:\users\peter king desktop\documents\spring 2017\finalproject\cst320_final_project\homework 4.cpp(1564): warning C4018: '<': signed/unsigned mismatch
c:\users\peter king desktop\documents\spring 2017\finalproject\cst320_final_project\homework 4.cpp(1568): warning C4456: declaration of 'constantbuffer' hides previous local declaration
  c:\users\peter king desktop\documents\spring 2017\finalproject\cst320_final_project\homework 4.cpp(1440): note: see declaration of 'constantbuffer'
c:\users\peter king desktop\documents\spring 2017\finalproject\cst320_final_project\homework 4.cpp(1569): warning C4244: 'argument': conversion from 'long' to 'float', possible loss of data
c:\users\peter king desktop\documents\spring 2017\finalproject\cst320_final_project\homework 4.cpp(1589): warning C4018: '<': signed/unsigned mismatch
c:\users\peter king desktop\documents\spring 2017\finalproject\cst320_final_project\homework 4.cpp(1592): warning C4456: declaration of 'constantbuffer' hides previous local declaration
  c:\users\peter king desktop\documents\spring 2017\finalproject\cst320_final_project\homework 4.cpp(1440): note: see declaration of 'constantbuffer'
c:\users\peter king desktop\documents\spring 2017\finalproject\cst320_final_project\homework 4.cpp(1593): warning C4456: declaration of 'T' hides previous local declaration
  c:\users\peter king desktop\documents\spring 2017\finalproject\cst320_final_project\homework 4.cpp(1454): note: see declaration of 'T'
c:\users\peter king desktop\documents\spring 2017\finalproject\cst320_final_project\homework 4.cpp(1594): warning C4456: declaration of 'S' hides previous local declaration
  c:\users\peter king desktop\documents\spring 2017\finalproject\cst320_final_project\homework 4.cpp(1453): note: see declaration of 'S'
c:\users\peter king desktop\documents\spring 2017\finalproject\cst320_final_project\homework 4.cpp(1638): warning C4018: '<': signed/unsigned mismatch
c:\users\peter king desktop\documents\spring 2017\finalproject\cst320_final_project\homework 4.cpp(1641): warning C4456: declaration of 'constantbuffer' hides previous local declaration
  c:\users\peter king desktop\documents\spring 2017\finalproject\cst320_final_project\homework 4.cpp(1440): note: see declaration of 'constantbuffer'
c:\users\peter king desktop\documents\spring 2017\finalproject\cst320_final_project\homework 4.cpp(1642): warning C4456: declaration of 'S' hides previous local declaration
  c:\users\peter king desktop\documents\spring 2017\finalproject\cst320_final_project\homework 4.cpp(1453): note: see declaration of 'S'
c:\users\peter king desktop\documents\spring 2017\finalproject\cst320_final_project\homework 4.cpp(1643): warning C4456: declaration of 'R' hides previous local declaration
  c:\users\peter king desktop\documents\spring 2017\finalproject\cst320_final_project\homework 4.cpp(1454): note: see declaration of 'R'
c:\users\peter king desktop\documents\spring 2017\finalproject\cst320_final_project\homework 4.cpp(1644): warning C4456: declaration of 'Ry' hides previous local declaration
  c:\users\peter king desktop\documents\spring 2017\finalproject\cst320_final_project\homework 4.cpp(1459): note: see declaration of 'Ry'
c:\users\peter king desktop\documents\spring 2017\finalproject\cst320_final_project\homework 4.cpp(1646): warning C4456: declaration of 'T' hides previous local declaration
  c:\users\peter king desktop\documents\spring 2017\finalproject\cst320_final_project\homework 4.cpp(1454): note: see declaration of 'T'
c:\users\peter king desktop\documents\spring 2017\finalproject\cst320_final_project\homework 4.cpp(1690): warning C4244: 'argument': conversion from 'long' to 'float', possible loss of data
c:\users\peter king desktop\documents\spring 2017\finalproject\cst320_final_project\homework 4.cpp(1692): warning C4244: 'argument': conversion from 'long' to 'float', possible loss of data
c:\users\peter king desktop\documents\spring 2017\finalproject\cst320_final_project\homework 4.cpp(1795): warning C4554: '&': check operator precedence for possible error; use parentheses to clarify precedence
c:\users\peter king desktop\documents\spring 2017\finalproject\cst320_final_project\homework 4.cpp(1983): warning C4018: '<': signed/unsigned mismatch
c:\users\peter king desktop\documents\spring 2017\finalproject\cst320_final_project\homework 4.cpp(1993): warning C4244: 'argument': conversion from 'long' to 'float', possible loss of data
c:\users\peter king desktop\documents\spring 2017\finalproject\cst320_final_project\homework 4.cpp(1995): warning C4244: 'argument': conversion from 'long' to 'float', possible loss of data
c:\users\peter king desktop\documents\spring 2017\finalproject\cst320_final_project\homework 4.cpp(2021): warning C4018: '<': signed/unsigned mismatch
c:\users\peter king desktop\documents\spring 2017\finalproject\cst320_final_project\homework 4.cpp(2052): warning C4244: '=': conversion from 'long' to 'float', possible loss of data
c:\users\peter king desktop\documents\spring 2017\finalproject\cst320_final_project\homework 4.cpp(2056): warning C4244: '=': conversion from 'int' to 'float', possible loss of data
c:\users\peter king desktop\documents\spring 2017\finalproject\cst320_final_project\homework 4.cpp(2057): warning C4244: '=': conversion from 'int' to 'float', possible loss of data
c:\users\peter king desktop\documents\spring 2017\finalproject\cst320_final_project\homework 4.cpp(2058): warning C4244: '=': conversion from 'int' to 'float', possible loss of data
c:\users\peter king desktop\documents\spring 2017\finalproject\cst320_final_project\homework 4.cpp(2062): warning C4244: '=': conversion from 'int' to 'float', possible loss of data
c:\users\peter king desktop\documents\spring 2017\finalproject\cst320_final_project\homework 4.cpp(2063): warning C4244: '=': conversion from 'int' to 'float', possible loss of data
c:\users\peter king desktop\documents\spring 2017\finalproject\cst320_final_project\homework 4.cpp(2064): warning C4244: '=': conversion from 'int' to 'float', possible loss of data
c:\users\peter king desktop\documents\spring 2017\finalproject\cst320_final_project\homework 4.cpp(2090): warning C4100: 'elapsed': unreferenced formal parameter
c:\users\peter king desktop\documents\spring 2017\finalproject\cst320_final_project\homework 4.cpp(2148): warning C4244: 'initializing': conversion from 'long double' to 'long', possible loss of data
c:\users\peter king desktop\documents\spring 2017\finalproject\cst320_final_project\homework 4.cpp(2151): warning C4244: 'argument': conversion from 'long' to 'float', possible loss of data
  lecture 8_2010.vcxproj -> C:\Users\Peter King Desktop\Documents\Spring 2017\finalproject\CST320_final_project\Debug\homework 4.exe
