c:\users\peter king desktop\documents\spring 2017\finalproject\cst320_final_project\release\vc140.pdb
c:\users\peter king desktop\documents\spring 2017\finalproject\cst320_final_project\release\sound.obj
c:\users\peter king desktop\documents\spring 2017\finalproject\cst320_final_project\release\render_to_texture.obj
c:\users\peter king desktop\documents\spring 2017\finalproject\cst320_final_project\release\load3ds.obj
c:\users\peter king desktop\documents\spring 2017\finalproject\cst320_final_project\release\homework 4.obj
c:\users\peter king desktop\documents\spring 2017\finalproject\cst320_final_project\release\fps.obj
c:\users\peter king desktop\documents\spring 2017\finalproject\cst320_final_project\release\font.obj
c:\users\peter king desktop\documents\spring 2017\finalproject\cst320_final_project\release\homework 4.exe
c:\users\peter king desktop\documents\spring 2017\finalproject\cst320_final_project\release\homework 4.ipdb
c:\users\peter king desktop\documents\spring 2017\finalproject\cst320_final_project\release\homework 4.iobj
c:\users\peter king desktop\documents\spring 2017\finalproject\cst320_final_project\release\homework 4.pdb
c:\users\peter king desktop\documents\spring 2017\finalproject\cst320_final_project\release\homework 8.res
c:\users\peter king desktop\documents\spring 2017\finalproject\cst320_final_project\release\homework 4.tlog\cl.command.1.tlog
c:\users\peter king desktop\documents\spring 2017\finalproject\cst320_final_project\release\homework 4.tlog\cl.read.1.tlog
c:\users\peter king desktop\documents\spring 2017\finalproject\cst320_final_project\release\homework 4.tlog\cl.write.1.tlog
c:\users\peter king desktop\documents\spring 2017\finalproject\cst320_final_project\release\homework 4.tlog\link.command.1.tlog
c:\users\peter king desktop\documents\spring 2017\finalproject\cst320_final_project\release\homework 4.tlog\link.read.1.tlog
c:\users\peter king desktop\documents\spring 2017\finalproject\cst320_final_project\release\homework 4.tlog\link.write.1.tlog
c:\users\peter king desktop\documents\spring 2017\finalproject\cst320_final_project\release\homework 4.tlog\rc.command.1.tlog
c:\users\peter king desktop\documents\spring 2017\finalproject\cst320_final_project\release\homework 4.tlog\rc.read.1.tlog
c:\users\peter king desktop\documents\spring 2017\finalproject\cst320_final_project\release\homework 4.tlog\rc.write.1.tlog
